Build started 9.10.2014 23:00:37.
     1>Project "D:\Kafei\Tyo\SFML\oo2\oo2\oo2.vcxproj" on node 2 (Build target(s)).
     1>ClCompile:
         D:\Program Files (x86)\Microsoft Visual Studio 12.0\VC\bin\CL.exe /c /I"D:\SFML-2.1\include" /ZI /nologo /W3 /WX- /sdl /Od /Oy- /D WIN32 /D _DEBUG /D _CONSOLE /D _LIB /D _UNICODE /D UNICODE /Gm /EHsc /RTC1 /MDd /GS /fp:precise /Zc:wchar_t /Zc:forScope /Fo"Debug\\" /Fd"Debug\vc120.pdb" /Gd /TP /analyze- /errorReport:prompt character.cpp Content.cpp Controls.cpp gameObject.cpp main.cpp player.cpp Utility.cpp
         Utility.cpp
         player.cpp
         main.cpp
     1>d:\kafei\tyo\sfml\oo2\oo2\main.cpp(29): warning C4930: 'Player player(void)': prototyped function not called (was a variable definition intended?)
         Controls.cpp
     1>d:\kafei\tyo\sfml\oo2\oo2\controls.cpp(7): error C2065: 'window' : undeclared identifier
         Content.cpp
         character.cpp
     1>d:\kafei\tyo\sfml\oo2\oo2\character.cpp(11): warning C4244: 'argument' : conversion from 'float' to 'int', possible loss of data
         Generating Code...
         Compiling...
         gameObject.cpp
     1>d:\kafei\tyo\sfml\oo2\oo2\gameobject.cpp(2): fatal error C1083: Cannot open include file: 'gameObject.h': No such file or directory
         Generating Code...
     1>Done Building Project "D:\Kafei\Tyo\SFML\oo2\oo2\oo2.vcxproj" (Build target(s)) -- FAILED.

Build FAILED.

Time Elapsed 00:00:04.32
